<?xml version="1.0" encoding="UTF-8"?>
<testng-results ignored="0" total="2" passed="2" failed="0" skipped="0">
  <reporter-output>
  </reporter-output>
  <suite started-at="2023-10-08T23:33:13 EDT" name="Default suite" finished-at="2023-10-08T23:33:49 EDT" duration-ms="36602">
    <groups>
      <group name="cucumber">
        <method signature="AbstractTestNGCucumberTests.feature(cucumber.api.testng.CucumberFeatureWrapper)[pri:0, instance:kalikapurs_TestRunner.kalikapurs_TestRunner@5c80cf32]" name="feature" class="cucumber.api.testng.AbstractTestNGCucumberTests"/>
      </group> <!-- cucumber -->
    </groups>
    <test started-at="2023-10-08T23:33:13 EDT" name="Default test" finished-at="2023-10-08T23:33:49 EDT" duration-ms="36602">
      <class name="kalikapurs_TestRunner.kalikapurs_TestRunner">
        <test-method is-config="true" signature="KalStartURL()[pri:0, instance:kalikapurs_TestRunner.kalikapurs_TestRunner@5c80cf32]" started-at="2023-10-08T23:33:13 EDT" name="KalStartURL" finished-at="2023-10-08T23:33:16 EDT" duration-ms="2693" status="PASS">
          <reporter-output>
          </reporter-output>
        </test-method> <!-- KalStartURL -->
        <test-method is-config="true" signature="setUpClass()[pri:0, instance:kalikapurs_TestRunner.kalikapurs_TestRunner@5c80cf32]" started-at="2023-10-08T23:33:16 EDT" name="setUpClass" finished-at="2023-10-08T23:33:16 EDT" duration-ms="234" status="PASS">
          <reporter-output>
          </reporter-output>
        </test-method> <!-- setUpClass -->
        <test-method signature="feature(cucumber.api.testng.CucumberFeatureWrapper)[pri:0, instance:kalikapurs_TestRunner.kalikapurs_TestRunner@5c80cf32]" started-at="2023-10-08T23:33:16 EDT" name="feature" description="Runs Cucumber Feature" data-provider="features" finished-at="2023-10-08T23:33:33 EDT" duration-ms="17268" status="PASS">
          <params>
            <param index="0">
              <value>
                <![CDATA[This a Login Feature]]>
              </value>
            </param>
          </params>
          <reporter-output>
          </reporter-output>
        </test-method> <!-- feature -->
        <test-method signature="feature(cucumber.api.testng.CucumberFeatureWrapper)[pri:0, instance:kalikapurs_TestRunner.kalikapurs_TestRunner@5c80cf32]" started-at="2023-10-08T23:33:33 EDT" name="feature" description="Runs Cucumber Feature" data-provider="features" finished-at="2023-10-08T23:33:49 EDT" duration-ms="15995" status="PASS">
          <params>
            <param index="0">
              <value>
                <![CDATA[This Feature is to Create new Account]]>
              </value>
            </param>
          </params>
          <reporter-output>
          </reporter-output>
        </test-method> <!-- feature -->
        <test-method is-config="true" signature="tearDownClass()[pri:0, instance:kalikapurs_TestRunner.kalikapurs_TestRunner@5c80cf32]" started-at="2023-10-08T23:33:49 EDT" name="tearDownClass" finished-at="2023-10-08T23:33:49 EDT" duration-ms="17" status="PASS">
          <reporter-output>
          </reporter-output>
        </test-method> <!-- tearDownClass -->
        <test-method is-config="true" signature="KalCloseURL()[pri:0, instance:kalikapurs_TestRunner.kalikapurs_TestRunner@5c80cf32]" started-at="2023-10-08T23:33:49 EDT" name="KalCloseURL" finished-at="2023-10-08T23:33:49 EDT" duration-ms="257" status="PASS">
          <reporter-output>
          </reporter-output>
        </test-method> <!-- KalCloseURL -->
      </class> <!-- kalikapurs_TestRunner.kalikapurs_TestRunner -->
    </test> <!-- Default test -->
  </suite> <!-- Default suite -->
</testng-results>
